<?xml version="1.0" encoding="utf-8"?><testsuites name="pytest tests"><testsuite name="pytest" errors="0" failures="0" skipped="1" tests="36" time="9.798" timestamp="2026-06-10T02:43:39.116301+00:00" hostname="agent-env-0677c6d6-5f35-4c32-b4fd-cd00653cfc98"><testcase classname="backend.tests.backend_test.TestPublic" name="test_root_ok" time="0.149" /><testcase classname="backend.tests.backend_test.TestPublic" name="test_public_state" time="0.111" /><testcase classname="backend.tests.backend_test.TestPublic" name="test_waitlist_idempotent" time="0.255" /><testcase classname="backend.tests.backend_test.TestAuth" name="test_admin_login" time="0.350" /><testcase classname="backend.tests.backend_test.TestAuth" name="test_member_signup_and_me" time="0.458" /><testcase classname="backend.tests.backend_test.TestAuth" name="test_member_login" time="0.352" /><testcase classname="backend.tests.backend_test.TestCheckout" name="test_subscription_devmode_flow" time="0.471" /><testcase classname="backend.tests.backend_test.TestCheckout" name="test_onboarding_email_in_outbox" time="0.109" /><testcase classname="backend.tests.backend_test.TestCheckout" name="test_status_idempotent" time="0.098" /><testcase classname="backend.tests.backend_test.TestBilling" name="test_pause_then_resume" time="0.792" /><testcase classname="backend.tests.backend_test.TestBilling" name="test_downgrade" time="0.768" /><testcase classname="backend.tests.backend_test.TestBilling" name="test_final_cancel_wipes_data" time="1.131" /><testcase classname="backend.tests.backend_test.TestDrops" name="test_admin_create_immediate_publish" time="0.149" /><testcase classname="backend.tests.backend_test.TestDrops" name="test_admin_create_foundational_drop" time="0.106" /><testcase classname="backend.tests.backend_test.TestDrops" name="test_admin_scheduled_past_then_trigger" time="0.362" /><testcase classname="backend.tests.backend_test.TestDrops" name="test_visibility_full_member" time="0.106" /><testcase classname="backend.tests.backend_test.TestDrops" name="test_visibility_foundational" time="0.103" /><testcase classname="backend.tests.backend_test.TestDrops" name="test_admin_update_drop" time="0.107" /><testcase classname="backend.tests.backend_test.TestDrops" name="test_admin_delete_drop" time="0.108" /><testcase classname="backend.tests.backend_test.TestDrops" name="test_non_admin_drops_forbidden" time="0.111" /><testcase classname="backend.tests.backend_test.TestCommunity" name="test_post_as_full_member" time="0.125" /><testcase classname="backend.tests.backend_test.TestCommunity" name="test_foundational_forbidden_to_post" time="0.109"><skipped type="pytest.xfail" message="Foundational tier allowed to post in community; spec says 403" /></testcase><testcase classname="backend.tests.backend_test.TestCommunity" name="test_feed_includes_manifesto_rules" time="0.109" /><testcase classname="backend.tests.backend_test.TestCommunity" name="test_admin_pin_and_delete" time="0.197" /><testcase classname="backend.tests.backend_test.TestNotesBookmarks" name="test_note_save_and_update" time="0.211" /><testcase classname="backend.tests.backend_test.TestNotesBookmarks" name="test_bookmark_toggle" time="0.212" /><testcase classname="backend.tests.backend_test.TestNotesBookmarks" name="test_progress_aggregate" time="0.108" /><testcase classname="backend.tests.backend_test.TestAffiliate" name="test_affiliate_me" time="0.113" /><testcase classname="backend.tests.backend_test.TestAdminMisc" name="test_checklist_seeded" time="0.105" /><testcase classname="backend.tests.backend_test.TestAdminMisc" name="test_checklist_toggle" time="0.115" /><testcase classname="backend.tests.backend_test.TestAdminMisc" name="test_monthly_summary_send" time="0.327" /><testcase classname="backend.tests.backend_test.TestAdminMisc" name="test_reminders_log_post" time="0.223" /><testcase classname="backend.tests.backend_test.TestAdminMisc" name="test_launch" time="0.212" /><testcase classname="backend.tests.backend_test.TestPDF" name="test_pdf_for_full_member" time="0.114" /><testcase classname="backend.tests.backend_test.TestPDF" name="test_pdf_forbidden_for_anon_member" time="0.454" /><testcase classname="backend.tests.backend_test.TestDoorsCap" name="test_doors_closed_blocks_checkout" time="0.773" /></testsuite></testsuites>