<?xml version="1.0" encoding="utf-8"?><testsuites name="pytest tests"><testsuite name="pytest" errors="0" failures="0" skipped="0" tests="61" time="66.062" timestamp="2026-06-11T14:58:51.192692+00:00" hostname="agent-env-0677c6d6-5f35-4c32-b4fd-cd00653cfc98"><testcase classname="backend.tests.backend_test.TestPublic" name="test_root_ok" time="0.116" /><testcase classname="backend.tests.backend_test.TestPublic" name="test_public_state" time="0.100" /><testcase classname="backend.tests.backend_test.TestPublic" name="test_waitlist_idempotent" time="0.204" /><testcase classname="backend.tests.backend_test.TestAuth" name="test_admin_login" time="0.314" /><testcase classname="backend.tests.backend_test.TestAuth" name="test_member_signup_and_me" time="0.421" /><testcase classname="backend.tests.backend_test.TestAuth" name="test_member_login" time="0.332" /><testcase classname="backend.tests.backend_test.TestCheckout" name="test_subscription_devmode_flow" time="0.412" /><testcase classname="backend.tests.backend_test.TestCheckout" name="test_onboarding_email_in_outbox" time="0.103" /><testcase classname="backend.tests.backend_test.TestCheckout" name="test_status_idempotent" time="0.107" /><testcase classname="backend.tests.backend_test.TestBilling" name="test_pause_then_resume" time="0.707" /><testcase classname="backend.tests.backend_test.TestBilling" name="test_downgrade" time="0.762" /><testcase classname="backend.tests.backend_test.TestBilling" name="test_final_cancel_wipes_data" time="1.031" /><testcase classname="backend.tests.backend_test.TestDrops" name="test_admin_create_immediate_publish" time="0.102" /><testcase classname="backend.tests.backend_test.TestDrops" name="test_admin_create_foundational_drop" time="0.094" /><testcase classname="backend.tests.backend_test.TestDrops" name="test_admin_scheduled_past_then_trigger" time="0.337" /><testcase classname="backend.tests.backend_test.TestDrops" name="test_visibility_full_member" time="0.096" /><testcase classname="backend.tests.backend_test.TestDrops" name="test_visibility_foundational" time="0.430" /><testcase classname="backend.tests.backend_test.TestDrops" name="test_admin_update_drop" time="0.101" /><testcase classname="backend.tests.backend_test.TestDrops" name="test_admin_delete_drop" time="0.101" /><testcase classname="backend.tests.backend_test.TestDrops" name="test_non_admin_drops_forbidden" time="0.103" /><testcase classname="backend.tests.backend_test.TestCommunity" name="test_post_as_full_member" time="0.105" /><testcase classname="backend.tests.backend_test.TestCommunity" name="test_foundational_forbidden_to_post" time="0.090" /><testcase classname="backend.tests.backend_test.TestCommunity" name="test_post_includes_user_avatar" time="0.413" /><testcase classname="backend.tests.backend_test.TestCommunity" name="test_feed_includes_manifesto_rules" time="0.096" /><testcase classname="backend.tests.backend_test.TestCommunity" name="test_admin_pin_and_delete" time="0.200" /><testcase classname="backend.tests.backend_test.TestNotesBookmarks" name="test_note_save_and_update" time="0.203" /><testcase classname="backend.tests.backend_test.TestNotesBookmarks" name="test_bookmark_toggle" time="3.303" /><testcase classname="backend.tests.backend_test.TestNotesBookmarks" name="test_progress_aggregate" time="2.182" /><testcase classname="backend.tests.backend_test.TestAffiliate" name="test_affiliate_me" time="17.384" /><testcase classname="backend.tests.backend_test.TestAdminMisc" name="test_checklist_seeded" time="0.128" /><testcase classname="backend.tests.backend_test.TestAdminMisc" name="test_checklist_toggle" time="10.111" /><testcase classname="backend.tests.backend_test.TestAdminMisc" name="test_monthly_summary_send" time="19.676" /><testcase classname="backend.tests.backend_test.TestAdminMisc" name="test_reminders_log_post" time="0.193" /><testcase classname="backend.tests.backend_test.TestAdminMisc" name="test_launch" time="0.263" /><testcase classname="backend.tests.backend_test.TestPDF" name="test_pdf_for_full_member" time="0.124" /><testcase classname="backend.tests.backend_test.TestPDF" name="test_pdf_forbidden_for_anon_member" time="0.415" /><testcase classname="backend.tests.backend_test.TestDoorsCap" name="test_doors_closed_blocks_checkout" time="0.726" /><testcase classname="backend.tests.backend_test.TestArticles" name="test_admin_create_free_article" time="0.092" /><testcase classname="backend.tests.backend_test.TestArticles" name="test_slug_dedup" time="0.211" /><testcase classname="backend.tests.backend_test.TestArticles" name="test_admin_create_vault_article" time="0.098" /><testcase classname="backend.tests.backend_test.TestArticles" name="test_public_articles_lists_free_only_with_vault_peek" time="0.097" /><testcase classname="backend.tests.backend_test.TestArticles" name="test_public_article_returns_body_and_increments_views" time="0.221" /><testcase classname="backend.tests.backend_test.TestArticles" name="test_public_article_404" time="0.099" /><testcase classname="backend.tests.backend_test.TestArticles" name="test_public_articles_does_not_expose_vault_body" time="0.101" /><testcase classname="backend.tests.backend_test.TestArticles" name="test_vault_articles_requires_auth" time="0.107" /><testcase classname="backend.tests.backend_test.TestArticles" name="test_vault_article_requires_member" time="0.424" /><testcase classname="backend.tests.backend_test.TestArticles" name="test_full_member_can_read_vault" time="0.195" /><testcase classname="backend.tests.backend_test.TestArticles" name="test_foundational_can_read_vault" time="0.094" /><testcase classname="backend.tests.backend_test.TestArticles" name="test_patch_article_admin_only" time="0.192" /><testcase classname="backend.tests.backend_test.TestArticles" name="test_scheduled_article_publishes" time="0.299" /><testcase classname="backend.tests.backend_test.TestArticles" name="test_delete_articles_cleanup" time="0.210" /><testcase classname="backend.tests.backend_test.TestLeads" name="test_lead_capture_and_idempotent" time="0.331" /><testcase classname="backend.tests.backend_test.TestLeads" name="test_lead_queues_optin_email" time="0.220" /><testcase classname="backend.tests.backend_test.TestProfile" name="test_patch_profile_persists" time="0.202" /><testcase classname="backend.tests.backend_test.TestProfile" name="test_public_profile_requires_member" time="0.435" /><testcase classname="backend.tests.backend_test.TestProfile" name="test_public_profile_returns_public_fields" time="0.109" /><testcase classname="backend.tests.backend_test.TestEmailTemplates" name="test_list_13_templates" time="0.101" /><testcase classname="backend.tests.backend_test.TestEmailTemplates" name="test_send_test_email_queues_to_admin" time="0.233" /><testcase classname="backend.tests.backend_test.TestEmailTemplates" name="test_admin_only" time="0.122" /><testcase classname="backend.tests.backend_test.TestChecklistLink" name="test_checklist_has_15_items_with_link" time="0.100" /><testcase classname="backend.tests.backend_test.TestAdminStats" name="test_stats_returns_all_keys" time="0.096" /></testsuite></testsuites>